<?xml version="1.0" encoding="UTF-8"?>
<!-- Generated by org.testng.reporters.JUnitReportReporter -->
<testsuite hostname="Ketan-PC" failures="0" tests="5" name="swagLabs.TestCases.AddToCartTest" time="1.374" errors="0" timestamp="2025-07-20T22:29:59 IST" skipped="0">
  <testcase classname="swagLabs.TestCases.AddToCartTest" name="addToCartTest" time="0.101"/>
  <testcase classname="swagLabs.TestCases.AddToCartTest" name="cartPageTest" time="0.113"/>
  <testcase classname="swagLabs.TestCases.AddToCartTest" name="loginTest" time="0.500"/>
  <testcase classname="swagLabs.TestCases.AddToCartTest" name="checkoutPersonalDetailsTest" time="0.495"/>
  <testcase classname="swagLabs.TestCases.AddToCartTest" name="finishOrderTest" time="0.165"/>
</testsuite> <!-- swagLabs.TestCases.AddToCartTest -->
