<?xml version="1.0" encoding="UTF-8"?>
<!-- Generated by org.testng.reporters.JUnitReportReporter -->
<testsuite hostname="Ketan-PC" failures="0" tests="5" name="swagLabs.TestCases.AddToCartTest" time="4.545" errors="0" timestamp="2025-07-17T15:41:26 IST" skipped="0">
  <testcase classname="swagLabs.TestCases.AddToCartTest" name="addToCartTest" time="0.356"/>
  <testcase classname="swagLabs.TestCases.AddToCartTest" name="checkoutPersonalDetailsTest" time="1.832"/>
  <testcase classname="swagLabs.TestCases.AddToCartTest" name="loginTest" time="1.568"/>
  <testcase classname="swagLabs.TestCases.AddToCartTest" name="cartPageTest" time="0.363"/>
  <testcase classname="swagLabs.TestCases.AddToCartTest" name="finishOrderTest" time="0.426"/>
</testsuite> <!-- swagLabs.TestCases.AddToCartTest -->
