<?xml version="1.0" encoding="UTF-8"?>
<!-- Generated by org.testng.reporters.JUnitReportReporter -->
<testsuite hostname="Ketan-PC" failures="0" tests="2" name="swagLabs.TestCases.CheckoutPageTest" time="5.911" errors="0" timestamp="2025-07-16T22:03:54 IST" skipped="0">
  <testcase classname="swagLabs.TestCases.CheckoutPageTest" name="verifyCheckoutInformationPage" time="2.809"/>
  <testcase classname="swagLabs.TestCases.CheckoutPageTest" name="verifyFinishOrderAndThankYouMessage" time="3.102"/>
</testsuite> <!-- swagLabs.TestCases.CheckoutPageTest -->
