<?xml version="1.0" encoding="UTF-8"?>
<!-- Generated by org.testng.reporters.JUnitReportReporter -->
<testsuite hostname="Ketan-PC" failures="0" tests="5" name="swagLabs.TestCases.AddToCartTest" time="1.360" errors="0" timestamp="2025-07-20T18:47:56 IST" skipped="0">
  <testcase classname="swagLabs.TestCases.AddToCartTest" name="addToCartTest" time="0.108"/>
  <testcase classname="swagLabs.TestCases.AddToCartTest" name="checkoutPersonalDetailsTest" time="0.480"/>
  <testcase classname="swagLabs.TestCases.AddToCartTest" name="loginTest" time="0.510"/>
  <testcase classname="swagLabs.TestCases.AddToCartTest" name="cartPageTest" time="0.111"/>
  <testcase classname="swagLabs.TestCases.AddToCartTest" name="finishOrderTest" time="0.151"/>
</testsuite> <!-- swagLabs.TestCases.AddToCartTest -->
