<?xml version="1.0" encoding="UTF-8"?>
<!-- Generated by org.testng.reporters.JUnitReportReporter -->
<testsuite hostname="Ketan-PC" failures="0" tests="1" name="swagLabs.TestCases.InventoryPageTest" time="2.436" errors="0" timestamp="2025-07-16T22:03:54 IST" skipped="0">
  <testcase classname="swagLabs.TestCases.InventoryPageTest" name="verifyAddToCartFunctionality" time="2.436"/>
</testsuite> <!-- swagLabs.TestCases.InventoryPageTest -->
