<?xml version="1.0" encoding="UTF-8"?>
<!-- Generated by org.testng.reporters.JUnitReportReporter -->
<testsuite hostname="Ketan-PC" failures="0" tests="5" name="swagLabs.TestCases.AddToCartTest" time="1.501" errors="0" timestamp="2025-07-17T11:59:02 IST" skipped="0">
  <testcase classname="swagLabs.TestCases.AddToCartTest" name="loginTest" time="0.560"/>
  <testcase classname="swagLabs.TestCases.AddToCartTest" name="checkoutPersonalDetailsTest" time="0.546"/>
  <testcase classname="swagLabs.TestCases.AddToCartTest" name="addToCartTest" time="0.131"/>
  <testcase classname="swagLabs.TestCases.AddToCartTest" name="finishOrderTest" time="0.130"/>
  <testcase classname="swagLabs.TestCases.AddToCartTest" name="cartPageTest" time="0.134"/>
</testsuite> <!-- swagLabs.TestCases.AddToCartTest -->
